[backblue.gif]
[fade.gif]
[index.html]
[ch8430165336.ch.eng.run/index.html]
[ch8430165336.ch.eng.run/indexd332.html]
[ch8430165336.ch.eng.run/fonts/icomoon/style.css]
[ch8430165336.ch.eng.run/css/bootstrap.min.css]
[ch8430165336.ch.eng.run/css/jquery-ui.css]
[ch8430165336.ch.eng.run/css/owl.carousel.min.css]
[ch8430165336.ch.eng.run/css/owl.theme.default.min.css]
[ch8430165336.ch.eng.run/css/jquery.fancybox.min.css]
[ch8430165336.ch.eng.run/css/bootstrap-datepicker.css]
[ch8430165336.ch.eng.run/fonts/flaticon/font/flaticon.css]
[ch8430165336.ch.eng.run/css/aos.css]
[ch8430165336.ch.eng.run/css/style.css]
[ch8430165336.ch.eng.run/index-2.html]
[ch8430165336.ch.eng.run/images/hero_2.jpg]
[ch8430165336.ch.eng.run/images/about_2.jpg]
[ch8430165336.ch.eng.run/images/hero_1.jpg]
[ch8430165336.ch.eng.run/images/person_5.jpg]
[ch8430165336.ch.eng.run/images/person_6.jpg]
[ch8430165336.ch.eng.run/images/person_7.jpg]
[ch8430165336.ch.eng.run/images/person_8.jpg]
[ch8430165336.ch.eng.run/images/person_1.jpg]
[ch8430165336.ch.eng.run/images/person_2.jpg]
[ch8430165336.ch.eng.run/images/person_3.jpg]
[ch8430165336.ch.eng.run/images/person_4.jpg]
[ch8430165336.ch.eng.run/images/img_1.jpg]
[ch8430165336.ch.eng.run/images/img_2.jpg]
[ch8430165336.ch.eng.run/images/img_3.jpg]
[ch8430165336.ch.eng.run/images/img_4.jpg]
[ch8430165336.ch.eng.run/images/img_5.jpg]
[ch8430165336.ch.eng.run/images/slide_1.jpg]
[ch8430165336.ch.eng.run/images/slide_2.jpg]
[ch8430165336.ch.eng.run/images/slide_3.jpg]
[ch8430165336.ch.eng.run/single.html]
[ch8430165336.ch.eng.run/js/jquery-3.3.1.min.js]
[ch8430165336.ch.eng.run/js/jquery-ui.js]
[ch8430165336.ch.eng.run/indexae6a.html]
[ch8430165336.ch.eng.run/js/popper.min.js]
[ch8430165336.ch.eng.run/js/bootstrap.min.js]
[ch8430165336.ch.eng.run/js/owl.carousel.min.js]
[ch8430165336.ch.eng.run/js/jquery.countdown.min.js]
[ch8430165336.ch.eng.run/js/jquery.easing.1.3.js]
[ch8430165336.ch.eng.run/js/aos.js]
[ch8430165336.ch.eng.run/js/jquery.fancybox.min.js]
[ch8430165336.ch.eng.run/js/jquery.sticky.js]
[ch8430165336.ch.eng.run/js/isotope.pkgd.min.js]
[ch8430165336.ch.eng.run/indexd332.html]
[ch8430165336.ch.eng.run/js/main.js]
[ch8430165336.ch.eng.run/fonts/icomoon/fonts/icomoon1a44.eot]
[ch8430165336.ch.eng.run/fonts/icomoon/fonts/icomoon1a44.ttf]
[ch8430165336.ch.eng.run/fonts/icomoon/fonts/icomoon1a44.woff]
[ch8430165336.ch.eng.run/fonts/icomoon/style.css]
[ch8430165336.ch.eng.run/css/bootstrap.min.css]
[ch8430165336.ch.eng.run/css/jquery-ui.css]
[ch8430165336.ch.eng.run/css/owl.carousel.min.css]
[ch8430165336.ch.eng.run/css/owl.theme.default.min.css]
[ch8430165336.ch.eng.run/css/jquery.fancybox.min.css]
[ch8430165336.ch.eng.run/css/bootstrap-datepicker.css]
[ch8430165336.ch.eng.run/fonts/flaticon/font/Flaticon.eot]
[ch8430165336.ch.eng.run/fonts/flaticon/font/Flaticond41d.eot]
[ch8430165336.ch.eng.run/fonts/flaticon/font/Flaticon.woff]
[ch8430165336.ch.eng.run/fonts/flaticon/font/Flaticon.ttf]
[ch8430165336.ch.eng.run/fonts/flaticon/font/flaticon.css]
[ch8430165336.ch.eng.run/css/aos.css]
[ch8430165336.ch.eng.run/css/style.css]
[ch8430165336.ch.eng.run/index-2.html]
[ch8430165336.ch.eng.run/images/flaticon-svg/svg/001-wallet.svg]
[ch8430165336.ch.eng.run/images/flaticon-svg/svg/004-cart.svg]
[ch8430165336.ch.eng.run/images/flaticon-svg/svg/006-credit-card.svg]
[ch8430165336.ch.eng.run/images/flaticon-svg/svg/002-rich.svg]
[ch8430165336.ch.eng.run/images/flaticon-svg/svg/003-notes.svg]
[ch8430165336.ch.eng.run/images/flaticon-svg/svg/005-megaphone.svg]
[ch8430165336.ch.eng.run/indexae6a.html]
[ch8430165336.ch.eng.run/single.html]
[ch8430165336.ch.eng.run/cdn-cgi/scripts/5c5dd728/cloudflare-static/email-decode.min.html]
[ch8430165336.ch.eng.run/fonts/icomoon/fonts/icomoon1a44.svg]
[ch8430165336.ch.eng.run/css/images/ui-bg_gloss-wave_55_5c9ccc_500x100.html]
[ch8430165336.ch.eng.run/css/images/ui-bg_glass_85_dfeffc_1x400.html]
[ch8430165336.ch.eng.run/css/images/ui-bg_glass_75_d0e5f5_1x400.html]
[ch8430165336.ch.eng.run/css/images/ui-bg_inset-hard_100_f5f8f9_1x100.html]
[ch8430165336.ch.eng.run/css/owl.video.play.html]
[ch8430165336.ch.eng.run/fonts/flaticon/font/Flaticon.html]
[ch8430165336.ch.eng.run/fonts/flaticon/font/Flaticon.svg]
